# Start Aug 13 2023 23:18:51 UTC 6mi S of Arnett, OK
# Rabbit1,1
# https://sswa.tv/wxlogs
[f,da,db,dc,ga,go,t,h,p],
[914.6,23,18,51,3602.5671,9945.3760,29.09,60.60,93151.56],
[914.6,23,18,53,3602.5667,9945.3760,29.03,60.85,93149.54],
[914.6,23,18,55,3602.5667,9945.3760,28.87,60.56,93113.54],
[914.6,23,18,57,3602.5664,9945.3760,28.73,60.57,93129.33],
[914.6,23,18,59,3602.5659,9945.3760,28.55,60.80,93128.70],
[914.6,23,19,1,3602.5652,9945.3760,28.45,61.30,93106.10],
[914.6,23,19,3,3602.5637,9945.3750,28.39,61.51,93096.88],
[914.6,23,19,5,3602.5625,9945.3750,28.31,62.31,93117.47],
[914.6,23,19,7,3602.5623,9945.3750,28.25,62.50,93136.03],
[914.6,23,19,9,3602.5618,9945.3740,28.11,62.00,93131.23],
[914.6,23,19,11,3602.5613,9945.3740,28.07,61.87,93126.81],
[914.6,23,19,13,3602.5613,9945.3740,27.98,62.02,93110.40],
[914.6,23,19,15,3602.5613,9945.3740,27.93,62.41,93117.98],
[914.6,23,19,17,3602.5613,9945.3740,27.85,62.49,93110.53],
[914.6,23,19,19,3602.5613,9945.3740,27.75,62.39,93136.29],
[914.6,23,19,21,3602.5613,9945.3740,27.57,62.35,93074.67],
[914.6,23,19,23,3602.5613,9945.3740,27.43,62.44,93103.84],
[914.6,23,19,25,3602.5613,9945.3740,27.32,62.84,93069.63],
[914.6,23,19,27,3602.5613,9945.3740,27.26,63.41,93102.58],
[914.6,23,19,29,3602.5613,9945.3740,27.18,63.90,93095.51],
[914.6,23,19,31,3602.5613,9945.3740,27.05,64.04,93095.89],
[914.6,23,19,33,3602.5610,9945.3740,26.99,64.39,93106.24],
[914.6,23,19,35,3602.5610,9945.3740,26.93,64.73,93114.19],
[914.6,23,19,37,3602.5610,9945.3740,26.87,65.14,93106.75],
[914.6,23,19,39,3602.5610,9945.3740,26.89,65.75,93118.48],
[914.6,23,19,41,3602.5610,9945.3740,26.78,65.91,93117.22],
[914.6,23,19,43,3602.5610,9945.3740,26.73,66.57,93103.21],
[914.6,23,19,45,3602.5610,9945.3740,26.66,66.95,93116.33],
[914.6,23,19,47,3602.5610,9945.3740,26.60,67.27,93112.29],
[914.6,23,19,49,3602.5610,9945.3740,26.58,67.73,93108.62],
[914.6,23,19,51,3602.5608,9945.3740,26.48,67.72,93112.15],
[914.6,23,19,53,3602.5608,9945.3740,26.40,67.89,93086.53],
[914.6,23,19,55,3602.5608,9945.3740,26.34,68.06,93104.44],
[914.6,23,19,57,3602.5608,9945.3740,26.29,68.46,93105.20],
[914.6,23,19,59,3602.5605,9945.3730,26.28,68.81,93101.53],
[914.6,23,20,1,3602.5605,9945.3730,26.23,69.01,93113.25],
[914.6,23,20,3,3602.5603,9945.3730,26.07,69.32,93091.42],
[914.6,23,20,5,3602.5603,9945.3730,26.01,69.99,93063.79],
[914.6,23,20,7,3602.5603,9945.3730,25.94,69.94,93088.51],
[914.6,23,20,9,3602.5603,9945.3730,25.82,70.26,93041.33],
[914.6,23,20,11,3602.5601,9945.3730,25.72,70.57,93067.81],
[914.6,23,20,13,3602.5601,9945.3730,25.65,70.99,93067.55],
[914.6,23,20,15,3602.5598,9945.3730,25.58,71.17,93085.07],
[914.6,23,20,17,3602.5598,9945.3730,25.50,71.42,93055.42],
[914.6,23,20,19,3602.5598,9945.3730,25.39,71.67,93048.98],
[914.6,23,20,21,3602.5596,9945.3721,25.30,71.99,93081.25],
[914.6,23,20,23,3602.5596,9945.3721,25.17,72.52,93043.03],
[914.6,23,20,25,3602.5593,9945.3721,25.09,72.83,92994.86],
[914.6,23,20,27,3602.5593,9945.3721,25.00,73.13,93088.02],
[914.6,23,20,29,3602.5591,9945.3721,24.90,73.63,93032.66],
[914.6,23,20,31,3602.5591,9945.3721,24.80,73.80,93076.89],
[914.6,23,20,33,3602.5591,9945.3721,24.78,74.17,93092.38],
[914.6,23,20,35,3602.5591,9945.3721,24.74,74.95,93065.77],
[914.6,23,20,37,3602.5591,9945.3721,24.69,75.28,93077.85],
[914.6,23,20,39,3602.5591,9945.3721,24.63,75.72,93080.99],
[914.6,23,20,41,3602.5591,9945.3721,24.55,76.31,93041.77],
[914.6,23,20,43,3602.5591,9945.3721,24.50,77.01,93082.20],
[914.6,23,20,45,3602.5591,9945.3721,24.47,77.27,93074.75],
[914.6,23,20,47,3602.5591,9945.3721,24.41,77.54,93062.88],
[914.6,23,20,49,3602.5588,9945.3721,24.37,77.85,93083.14],
[914.6,23,20,51,3602.5586,9945.3721,24.26,78.01,93003.88],
[914.6,23,20,53,3602.5586,9945.3721,24.20,78.11,93051.49],
[914.6,23,20,55,3602.5586,9945.3721,24.11,78.48,93052.97],
[914.6,23,20,57,3602.5588,9945.3721,24.07,78.83,93046.90],
[914.6,23,20,59,3602.5588,9945.3721,24.02,79.04,93087.31],
[914.6,23,21,1,3602.5591,9945.3721,23.97,79.35,93088.78],
[914.6,23,21,3,3602.5591,9945.3721,23.91,79.87,92993.81],
[914.6,23,21,5,3602.5588,9945.3721,23.86,80.05,93081.05],
[914.6,23,21,7,3602.5588,9945.3721,23.81,80.38,93072.59],
[914.6,23,21,9,3602.5586,9945.3721,23.74,80.56,93053.54],
[914.6,23,21,11,3602.5586,9945.3711,23.68,80.97,93066.61],
[914.6,23,21,13,3602.5583,9945.3711,23.65,81.45,93056.76],
[914.6,23,21,15,3602.5583,9945.3711,23.61,81.96,93104.69],
[914.6,23,21,17,3602.5583,9945.3711,23.54,82.10,93081.87],
[914.6,23,21,19,3602.5581,9945.3711,23.50,82.54,93039.55],
[914.6,23,21,21,3602.5581,9945.3711,23.44,82.78,93047.18],
[914.6,23,21,23,3602.5581,9945.3701,23.42,83.14,93117.63],
[914.6,23,21,25,3602.5579,9945.3701,23.38,83.52,93053.15],
[914.6,23,21,27,3602.5579,9945.3701,23.34,83.77,93111.27],
[914.6,23,21,29,3602.5579,9945.3701,23.31,84.03,93099.40],
[914.6,23,21,31,3602.5576,9945.3701,23.28,84.35,93122.01],
[914.6,23,21,33,3602.5576,9945.3701,23.21,84.58,93099.56],
[914.6,23,21,35,3602.5576,9945.3701,23.13,84.79,93090.72],
[914.6,23,21,37,3602.5576,9945.3701,23.10,84.72,93125.28],
[914.6,23,21,39,3602.5576,9945.3701,23.09,84.99,93102.10],
[914.6,23,21,41,3602.5576,9945.3701,23.05,85.10,93111.74],
[914.6,23,21,43,3602.5576,9945.3701,23.02,85.29,93132.96],
[914.6,23,21,45,3602.5576,9945.3701,22.98,85.19,93083.86],
[914.6,23,21,47,3602.5576,9945.3701,22.95,85.37,93095.88],
[914.6,23,21,49,3602.5576,9945.3701,22.91,85.48,93087.41],
[914.6,23,21,51,3602.5576,9945.3701,22.88,85.35,93141.07],
[914.6,23,21,53,3602.5576,9945.3701,22.87,85.70,93125.42],
[914.6,23,21,55,3602.5576,9945.3701,22.84,85.84,93144.25],
[914.6,23,21,57,3602.5576,9945.3701,22.83,85.89,93142.94],
[914.6,23,21,59,3602.5576,9945.3701,22.83,86.09,93151.19],
[914.6,23,22,1,3602.5576,9945.3701,22.80,86.17,93146.11],
[914.6,23,22,3,3602.5576,9945.3701,22.77,86.22,93143.79],
[914.6,23,22,5,3602.5576,9945.3701,22.75,85.43,93094.35],
[914.6,23,22,7,3602.5576,9945.3701,22.75,85.78,93060.98],
[914.6,23,22,9,3602.5576,9945.3701,22.74,85.73,93140.87],
[914.6,23,22,11,3602.5576,9945.3701,22.71,85.92,93143.98],
[914.6,23,22,13,3602.5576,9945.3701,22.70,86.06,93136.51],
[914.6,23,22,15,3602.5576,9945.3701,22.68,86.23,93163.86],
[914.6,23,22,17,3602.5576,9945.3701,22.65,86.63,93154.36],
[914.6,23,22,19,3602.5576,9945.3691,22.64,86.62,93127.80],
[914.6,23,22,21,3602.5576,9945.3691,22.60,86.50,93146.96],
[914.6,23,22,23,3602.5576,9945.3691,22.60,86.34,93151.43],
[914.6,23,22,25,3602.5576,9945.3691,22.60,86.45,93171.60],
[914.6,23,22,27,3602.5576,9945.3691,22.57,86.66,93118.78],
[914.6,23,22,29,3602.5576,9945.3691,22.57,86.83,93162.82],
[914.6,23,22,31,3602.5576,9945.3691,22.56,87.01,93166.93],
[914.6,23,22,33,3602.5576,9945.3691,22.56,87.30,93182.32],
[914.6,23,22,35,3602.5576,9945.3691,22.54,87.18,93177.59],
[914.6,23,22,37,3602.5576,9945.3691,22.51,87.07,93155.81],
[914.6,23,22,39,3602.5576,9945.3691,22.50,86.65,93152.10],
[914.6,23,22,41,3602.5574,9945.3691,22.48,86.11,93166.11],
[914.6,23,22,43,3602.5574,9945.3691,22.49,86.37,93172.96],
[914.6,23,22,45,3602.5574,9945.3691,22.46,86.08,93183.22],
[914.6,23,22,47,3602.5574,9945.3691,22.43,85.73,93174.73],
[914.6,23,22,49,3602.5571,9945.3691,22.42,85.30,93150.57],
[914.6,23,22,51,3602.5571,9945.3691,22.40,84.79,93169.70],
[914.6,23,22,53,3602.5571,9945.3691,22.38,84.03,93179.95],
[914.6,23,22,55,3602.5571,9945.3691,22.36,83.53,93111.47],
[914.6,23,22,57,3602.5571,9945.3691,22.34,83.37,93061.43],
[914.6,23,22,59,3602.5571,9945.3691,22.31,83.23,93162.32],
[914.6,23,23,1,3602.5571,9945.3691,22.30,83.35,93176.32],
[914.6,23,23,3,3602.5571,9945.3691,22.28,83.28,93148.40],
[914.6,23,23,5,3602.5571,9945.3691,22.25,83.22,93150.47],
[914.6,23,23,7,3602.5571,9945.3691,22.22,83.47,93169.59],
[914.6,23,23,9,3602.5571,9945.3691,22.24,83.89,93175.06],
[914.6,23,23,11,3602.5571,9945.3691,22.22,83.91,93179.52],
[914.6,23,23,13,3602.5571,9945.3691,22.21,83.76,93177.83],
[914.6,23,23,15,3602.5571,9945.3691,22.20,84.13,93186.39],
[914.6,23,23,17,3602.5571,9945.3691,22.18,84.01,93179.94],
[914.6,23,23,19,3602.5571,9945.3691,22.14,84.06,93175.20],
[914.6,23,23,21,3602.5571,9945.3691,22.12,84.07,93159.22],
[914.6,23,23,23,3602.5571,9945.3691,22.10,83.95,93173.20],
[914.6,23,23,25,3602.5571,9945.3691,22.09,83.92,93159.60],
[914.6,23,23,27,3602.5571,9945.3691,22.06,84.16,93141.58],
[914.6,23,23,29,3602.5571,9945.3691,22.05,84.69,93172.25],
[914.6,23,23,31,3602.5571,9945.3691,22.03,84.43,93165.13],
[914.6,23,23,33,3602.5571,9945.3691,22.00,84.56,93152.89],
[914.6,23,23,35,3602.5571,9945.3691,21.99,83.98,93175.04],
[914.6,23,23,37,3602.5571,9945.3691,21.97,100.00,93085.53],
[914.6,23,23,39,3602.5571,9945.3691,21.92,100.00,93157.37],
[914.6,23,23,41,3602.5571,9945.3691,21.88,100.00,93156.03],
[914.6,23,23,43,3602.5571,9945.3691,21.87,100.00,93176.13],
[914.6,23,23,45,3602.5571,9945.3691,21.84,100.00,93157.10],
[914.6,23,23,47,3602.5571,9945.3691,21.83,98.88,93078.83],
[914.6,23,23,49,3602.5571,9945.3691,21.77,94.18,93144.19],
[914.6,23,23,51,3602.5571,9945.3691,21.76,90.86,93131.61],
[914.6,23,23,53,3602.5571,9945.3691,21.74,88.84,93154.09],
[914.6,23,23,55,3602.5571,9945.3691,21.73,88.02,93134.71],
[914.6,23,23,57,3602.5571,9945.3691,21.69,87.75,93125.88],
[914.6,23,23,59,3602.5571,9945.3691,21.71,88.06,93118.76],
[914.6,23,24,1,3602.5571,9945.3691,21.70,88.51,93144.28],
[914.6,23,24,3,3602.5571,9945.3691,21.72,88.45,93152.47],
[914.6,23,24,5,3602.5571,9945.3691,21.72,88.84,93170.85],
[914.6,23,24,7,3602.5571,9945.3691,21.73,88.87,93174.61],
[914.6,23,24,9,3602.5571,9945.3691,21.72,89.31,93120.88],
[914.6,23,24,11,3602.5571,9945.3691,21.75,88.96,93156.26],
[914.6,23,24,13,3602.5571,9945.3691,21.76,89.03,93160.70],
[914.6,23,24,15,3602.5574,9945.3691,21.76,89.08,93163.77],
[914.6,23,24,17,3602.5574,9945.3691,21.76,89.31,93159.69],
[914.6,23,24,19,3602.5574,9945.3691,21.77,89.29,93177.39],
[914.6,23,24,21,3602.5574,9945.3691,21.76,89.27,93147.13],
[914.6,23,24,23,3602.5574,9945.3691,21.75,89.00,93155.30],
[914.6,23,24,25,3602.5574,9945.3691,21.76,88.61,93107.37],
[914.6,23,24,27,3602.5574,9945.3691,21.77,88.60,93174.70],
[914.6,23,24,29,3602.5574,9945.3691,21.75,88.63,93192.04],
[914.6,23,24,31,3602.5571,9945.3691,21.76,88.36,93184.57],
[914.6,23,24,33,3602.5571,9945.3691,21.78,88.37,93155.33],
[914.6,23,24,35,3602.5574,9945.3691,21.77,88.62,93217.21],
[914.6,23,24,37,3602.5574,9945.3691,21.76,88.63,93201.24],
[914.6,23,24,39,3602.5574,9945.3691,21.77,88.48,93204.64],
[914.6,23,24,41,3602.5574,9945.3691,21.77,88.07,93185.95],
[914.6,23,24,43,3602.5574,9945.3691,21.78,87.90,93197.51],
[914.6,23,24,45,3602.5574,9945.3691,21.78,87.66,93204.30],
[914.6,23,24,47,3602.5574,9945.3691,21.77,87.03,93185.95],
[914.6,23,24,49,3602.5574,9945.3691,21.78,87.02,93171.34],
[914.6,23,24,51,3602.5574,9945.3691,21.76,86.77,93175.42],
[914.6,23,24,53,3602.5574,9945.3691,21.76,86.93,93191.73],
[914.6,23,24,55,3602.5574,9945.3691,21.73,86.89,93214.84],
[914.6,23,24,57,3602.5574,9945.3691,21.73,86.93,93172.70],
[914.6,23,24,59,3602.5574,9945.3691,21.73,87.02,93201.92],
[914.6,23,25,1,3602.5574,9945.3691,21.72,87.34,93219.25],
[914.6,23,25,3,3602.5574,9945.3691,21.68,87.23,93206.00],
[914.6,23,25,5,3602.5574,9945.3691,21.69,86.93,93201.58],
[914.6,23,25,7,3602.5574,9945.3691,21.68,87.06,93207.01],
[914.6,23,25,9,3602.5571,9945.3691,21.67,87.37,93198.18],
[914.6,23,25,11,3602.5571,9945.3691,21.66,87.69,93212.10],
[914.6,23,25,13,3602.5571,9945.3691,21.65,87.92,93179.49],
[914.6,23,25,15,3602.5571,9945.3691,21.62,88.33,93147.90],
[914.6,23,25,17,3602.5571,9945.3691,21.62,88.69,93228.06],
[914.6,23,25,19,3602.5571,9945.3691,21.58,88.86,93205.29],
[914.6,23,25,21,3602.5571,9945.3691,21.54,88.95,93188.99],
[914.6,23,25,23,3602.5571,9945.3691,21.55,89.16,93226.68],
[914.6,23,25,25,3602.5571,9945.3691,21.53,89.46,93209.35],
[914.6,23,25,27,3602.5571,9945.3691,21.50,89.10,93240.93],
[914.6,23,25,29,3602.5571,9945.3691,21.47,88.90,93217.83],
[914.6,23,25,31,3602.5571,9945.3691,21.47,88.98,93230.05],
[914.6,23,25,33,3602.5571,9945.3691,21.44,89.03,93216.80],
[914.6,23,25,35,3602.5571,9945.3691,21.43,88.59,93211.36],
[914.6,23,25,37,3602.5571,9945.3691,21.42,88.80,93195.40],
[914.6,23,25,39,3602.5571,9945.3691,21.43,89.01,93236.47],
[914.6,23,25,41,3602.5571,9945.3691,21.41,89.28,93235.79],
[914.6,23,25,43,3602.5571,9945.3691,21.40,89.39,93235.43],
[914.6,23,25,45,3602.5571,9945.3691,21.40,89.37,93239.17],
[914.6,23,25,47,3602.5571,9945.3691,21.36,89.23,93241.19],
[914.6,23,25,49,3602.5571,9945.3691,21.37,89.20,93243.90],
[914.6,23,25,51,3602.5571,9945.3691,21.35,89.05,93235.40],
[914.6,23,25,53,3602.5571,9945.3691,21.36,88.98,93224.87],
[914.6,23,25,55,3602.5571,9945.3691,21.37,89.19,93231.65],
[914.6,23,25,57,3602.5571,9945.3691,21.34,89.29,93236.74],
[914.6,23,25,59,3602.5571,9945.3691,21.34,89.23,93243.51],
[914.6,23,26,1,3602.5571,9945.3691,21.32,89.41,93224.15],
[914.6,23,26,3,3602.5571,9945.3691,21.34,89.68,93235.34],
[914.6,23,26,5,3602.5571,9945.3691,21.32,89.60,93248.91],
[914.6,23,26,7,3602.5571,9945.3691,21.33,89.91,93230.57],
[914.6,23,26,9,3602.5571,9945.3691,21.33,90.12,93246.51],
[914.6,23,26,11,3602.5571,9945.3691,21.32,90.24,93251.92],
[914.6,23,26,13,3602.5571,9945.3691,21.32,90.20,93248.86],
[914.6,23,26,15,ga,9945.3691,21.31,89.79,93239.69],
[914.6,23,26,17,3602.5571,9945.3691,21.34,89.57,93247.81],
[914.6,23,26,19,3602.5571,9945.3691,21.37,89.64,93245.77],
[914.6,23,26,21,3602.5571,9945.3691,21.35,89.57,93256.95],
[914.6,23,26,23,3602.5571,9945.3691,21.37,89.32,93254.91],
[914.6,23,26,25,3602.5571,9945.3691,21.39,88.97,93246.07],
[914.6,23,26,27,3602.5571,9945.3691,21.40,88.78,93259.63],
[914.6,23,26,29,3602.5571,9945.3691,21.43,88.99,93250.80],
[914.6,23,26,31,3602.5571,9945.3691,21.43,89.05,93263.33],
[914.6,23,26,33,3602.5571,9945.3691,21.43,89.21,93267.39],
[914.6,23,26,35,3602.5571,9945.3691,21.44,89.18,93261.95],
[f,23,26,37,3602.5571,go,21.44,89.21,93267.03],
[914.6,23,26,39,3602.5571,9945.3691,21.44,89.18,93272.44],
[914.6,23,26,41,3602.5571,9945.3691,21.43,89.28,93261.22],
[914.6,23,26,43,3602.5571,9945.3691,21.43,89.55,93264.95],
[914.6,23,26,45,3602.5571,9945.3691,21.44,89.77,93269.01],
[914.6,23,26,47,3602.5571,9945.3691,21.42,89.94,93276.46],
[914.6,23,26,49,3602.5571,9945.3691,21.43,90.13,93274.74],
[914.6,23,26,51,3602.5571,9945.3691,21.41,89.86,93274.05],
[914.6,23,26,53,3602.5571,9945.3691,21.43,89.77,93267.59],
[914.6,23,26,55,3602.5571,9945.3691,21.44,89.40,93250.28],
[914.6,23,26,57,3602.5571,9945.3691,21.45,89.59,93269.92],
[914.6,23,26,59,3602.5571,9945.3691,21.44,88.88,93263.13],
[914.6,23,27,1,3602.5571,9945.3691,21.48,88.84,93243.45],
[914.6,23,27,3,3602.5571,9945.3691,21.47,88.80,93270.22],
[914.6,23,27,5,3602.5571,9945.3691,21.49,88.85,93276.31],
[914.6,23,27,7,3602.5571,9945.3691,21.49,88.63,93259.01],
[914.6,23,27,9,3602.5571,9945.3691,21.51,88.46,93263.39],
[914.6,23,27,11,3602.5571,9945.3691,21.51,88.47,93255.24],
[914.6,23,27,13,3602.5571,9945.3691,21.53,88.39,93248.45],
[914.6,23,27,15,3602.5571,9945.3691,21.54,88.25,93269.12],
[914.6,23,27,17,3602.5571,9945.3691,21.55,88.43,93258.93],
[914.6,23,27,19,3602.5571,9945.3691,21.56,88.57,93279.59],
[914.6,23,27,21,3602.5571,9945.3691,21.55,88.32,93253.82],
[914.6,23,27,23,3602.5571,9945.3691,21.56,88.56,93229.06],
[914.6,23,27,25,3602.5571,9945.3691,21.56,88.74,93261.92],
[914.6,23,27,27,3602.5571,9945.3691,21.56,88.73,93270.39],
[914.6,23,27,29,3602.5571,9945.3691,21.54,89.00,93256.48],
[914.6,23,27,31,3602.5571,9945.3691,21.56,89.11,93280.53],
[914.6,23,27,33,3602.5571,9945.3691,21.56,89.30,93261.18],
[914.6,23,27,35,3602.5571,9945.3691,21.58,89.45,93252.34],
[914.6,23,27,37,3602.5571,9945.3691,21.59,89.69,93251.32],
[914.6,23,27,39,3602.5571,9945.3691,21.59,90.03,93257.42],
[914.6,23,27,41,3602.5571,9945.3691,21.61,90.21,93274.68],
[914.6,23,27,43,3602.5571,9945.3691,21.62,90.49,93265.51],
[914.6,23,27,45,3602.5571,9945.3691,21.63,90.86,93260.07],
[914.6,23,27,47,3602.5571,9945.3691,21.62,91.08,93269.89],
[914.6,23,27,49,3602.5571,9945.3691,21.62,91.42,93277.00],
[914.6,23,27,51,3602.5571,9945.3691,21.61,91.51,93285.79],
[914.6,23,27,53,3602.5571,9945.3691,21.62,91.76,93265.79],
[914.6,23,27,55,3602.5571,9945.3691,21.61,91.97,93276.96],
[914.6,23,27,57,3602.5571,9945.3691,21.62,91.72,93274.91],
[914.6,23,27,59,3602.5571,9945.3691,21.63,91.60,93264.72],
[914.6,23,28,1,3602.5571,9945.3691,21.63,91.50,93255.56],
[914.6,23,28,3,3602.5571,9945.3691,21.65,91.54,93264.35],
[914.6,23,28,5,3602.5571,9945.3691,21.65,91.76,93268.07],
[914.6,23,28,7,3602.5569,9945.3691,21.66,91.56,93283.65],
[914.6,23,28,9,3602.5569,9945.3691,21.66,91.48,93275.51],
[914.6,23,28,11,3602.5569,9945.3691,21.64,91.52,93273.47],
[914.6,23,28,13,3602.5569,9945.3691,21.65,91.43,93263.28],
[914.6,23,28,15,3602.5569,go,21.66,91.56,93263.61],
[914.6,23,28,17,3602.5569,9945.3691,21.63,91.07,93268.67],
[914.6,23,28,19,3602.5569,9945.3691,21.63,90.49,93266.30],
[914.6,23,28,21,3602.5569,9945.3691,21.64,90.23,93224.27],
[914.6,23,28,23,3602.5569,9945.3691,21.62,89.93,93220.87],
[914.6,23,28,25,3602.5569,9945.3691,21.60,89.91,93252.02],
[914.6,23,28,27,3602.5569,9945.3691,21.59,89.23,93251.00],
[914.6,23,28,29,3602.5569,9945.3691,21.62,89.34,93249.98],
[914.6,23,28,31,3602.5569,9945.3691,t,89.42,93270.62],
[914.6,23,28,33,3602.5569,9945.3691,21.56,89.33,93268.25],
[914.6,23,28,35,3602.5569,9945.3691,21.57,89.40,93254.35],
[914.6,23,28,37,3602.5569,9945.3691,21.53,89.44,93249.93],
[914.6,23,28,39,3602.5569,9945.3691,21.52,89.39,93279.73],
[914.6,23,28,41,3602.5569,9945.3691,21.56,89.39,93265.83],
[914.6,23,28,43,3602.5569,9945.3691,21.59,89.14,93298.00],
[914.6,23,28,45,3602.5569,9945.3691,21.62,88.80,93246.16],
[914.6,23,28,47,3602.5569,9945.3691,21.68,88.34,93263.40],
[914.6,23,28,dc,3602.5569,9945.3691,21.71,88.06,93309.80],
[914.6,23,28,51,3602.5569,9945.3691,21.72,88.01,93237.65],
[914.6,23,28,53,3602.5569,9945.3691,21.78,87.88,93241.69],
[914.6,23,28,55,3602.5569,9945.3691,21.78,88.21,93287.76],
[914.6,23,28,57,3602.5569,9945.3691,21.80,88.21,93240.99],
[914.6,23,28,59,3602.5569,9945.3691,21.82,88.32,93286.36],
[914.6,23,29,1,3602.5569,9945.3691,21.84,88.30,93288.73],
[914.6,23,29,3,3602.5569,9945.3691,21.82,88.35,93305.97],
[914.6,23,29,5,3602.5569,9945.3691,21.91,87.73,93278.87],
[914.6,23,29,7,3602.5569,9945.3691,21.92,87.51,93292.39],
[914.6,23,29,9,3602.5569,9945.3691,21.94,87.16,93296.11],
[914.6,23,29,11,3602.5569,9945.3691,22.01,86.58,93269.01],
[914.6,23,29,13,3602.5569,9945.3691,22.01,86.34,93292.01],
[914.6,23,29,15,3602.5569,9945.3691,22.03,85.99,93282.53],
[914.6,23,29,17,3602.5569,9945.3691,22.02,85.61,93279.46],
[914.6,23,29,19,3602.5569,9945.3691,22.03,85.90,93285.54],
[914.6,23,29,21,3602.5569,9945.3691,22.03,85.51,93275.36],
[914.6,23,29,23,3602.5569,9945.3691,22.03,85.19,93276.71],
[914.6,23,29,25,3602.5569,9945.3691,22.04,85.23,93266.20],
[914.6,23,29,27,3602.5569,9945.3691,22.02,85.17,93269.92],
[914.6,23,29,29,3602.5569,go,22.04,85.38,93271.26],
[914.6,23,29,31,3602.5569,9945.3691,22.04,84.99,93269.21],
[914.6,23,29,33,3602.5569,9945.3691,22.06,84.86,93271.91],
[914.6,23,29,35,3602.5569,9945.3691,22.06,84.85,93262.75],
[914.6,23,29,37,3602.5569,9945.3691,22.06,85.04,93248.53],
[914.6,23,29,39,3602.5569,9945.3691,22.06,85.95,p],
[914.6,23,29,41,3602.5569,9945.3691,22.04,86.45,93232.58],
[914.6,23,29,43,3602.5569,9945.3691,22.06,86.51,p],
[914.6,23,29,45,3602.5569,go,22.06,86.25,93216.32],
[914.6,23,29,47,3602.5569,9945.3691,22.06,86.24,93213.95],
[914.6,23,29,49,3602.5569,9945.3691,22.07,86.43,93215.62],
[914.6,23,29,51,3602.5569,go,22.06,86.87,93213.25],
[914.6,23,29,53,3602.5569,9945.3691,22.05,87.26,93209.85],
[914.6,23,29,55,3602.5569,9945.3691,22.06,87.56,93225.42],
[914.6,23,29,57,3602.5569,9945.3691,22.03,87.76,93218.63],
[914.6,23,29,59,3602.5569,9945.3691,22.00,88.02,93227.08],
[914.6,23,30,1,3602.5569,9945.3691,21.99,88.20,93221.00],
[914.6,23,30,3,3602.5569,9945.3691,21.71,89.41,93223.37],
[914.6,23,30,5,3602.5569,9945.3691,21.75,89.25,93220.30],
[914.6,23,30,7,3602.5569,9945.3691,21.74,89.36,93220.62],
[914.6,23,30,9,3602.5569,9945.3691,t,89.66,93221.64],
[914.6,23,30,11,3602.5569,9945.3691,t,89.96,93208.77],
[914.6,23,30,13,3602.5569,9945.3691,21.71,89.87,93218.57],
[914.6,23,30,15,3602.5569,9945.3691,21.67,90.28,93208.07],
[914.6,23,30,17,3602.5569,9945.3691,21.69,90.83,93207.05],
[914.6,23,30,19,3602.5569,9945.3691,21.68,91.48,93212.11],
[914.6,23,30,21,3602.5569,9945.3691,21.66,91.89,93201.61],
[914.6,23,30,23,3602.5569,9945.3691,21.68,92.79,93206.02],
[914.6,23,30,25,3602.5569,9945.3691,21.67,93.61,93209.74],
[914.6,23,30,27,3602.5569,9945.3691,21.66,93.99,93206.67],
[914.6,23,30,29,3602.5569,9945.3691,21.66,94.44,93200.90],
[914.6,23,30,31,3602.5569,9945.3691,21.66,94.12,93194.82],
[914.6,23,30,33,3602.5569,9945.3691,21.64,94.58,93197.83],
[914.6,23,30,35,3602.5569,9945.3691,21.66,95.02,93191.43],
[914.6,23,30,37,3602.5569,9945.3691,21.67,95.31,93204.62],
[914.6,23,30,39,3602.5569,9945.3691,21.64,95.19,93188.36],
[914.6,23,30,41,3602.5569,9945.3691,21.65,95.27,93190.73],
[914.6,23,30,43,3602.5569,9945.3691,21.62,95.45,93181.57],
[914.6,23,30,45,3602.5569,9945.3691,21.64,95.54,93179.20],
[914.6,23,30,47,3602.5569,9945.3691,21.61,95.54,93180.22],
[914.6,23,30,49,3602.5569,9945.3691,21.62,95.84,93166.33],
[914.6,23,30,51,3602.5569,9945.3691,21.63,95.52,93181.57],
[914.6,23,30,53,3602.5569,9945.3691,21.60,95.07,93171.39],
[914.6,23,db,55,3602.5569,9945.3691,21.58,94.68,93176.13],
[914.6,23,30,57,3602.5569,9945.3691,21.57,95.33,93169.02],
[914.6,23,30,59,3602.5569,go,21.57,95.91,93170.37],
[914.6,23,31,1,3602.5569,9945.3691,21.59,96.64,93163.26],
[914.6,23,31,3,3602.5569,9945.3691,21.60,96.91,93160.89],
[914.6,23,31,5,3602.5569,9945.3691,21.58,96.87,93149.37],
[914.6,23,31,7,3602.5569,9945.3691,21.58,96.73,93144.63],
[914.6,23,31,9,3602.5569,9945.3691,21.57,96.72,93141.24],
[914.6,23,31,11,3602.5569,9945.3691,21.55,96.46,93132.79],
[914.6,23,31,13,3602.5569,9945.3691,21.54,96.60,93133.11],
[914.6,23,31,15,3602.5569,9945.3691,21.57,96.91,93141.56],
[914.6,23,db,17,3602.5569,9945.3691,21.58,97.32,93136.82],
[914.6,23,31,19,3602.5569,9945.3691,21.56,97.58,93135.80],
[914.6,23,31,21,3602.5569,9945.3691,21.59,97.75,93126.32],
[914.6,23,31,23,3602.5569,9945.3691,21.56,97.29,93133.43],
[914.6,23,31,25,3602.5569,9945.3691,21.52,97.14,93137.15],
[914.6,23,31,27,3602.5569,9945.3691,21.51,98.19,93137.15],
[914.6,23,31,29,3602.5569,9945.3691,t,98.39,93132.41],
[914.6,23,31,31,3602.5569,9945.3691,21.46,99.21,93129.02],
[914.6,23,31,33,3602.5569,9945.3691,21.45,99.80,93125.95],
[914.6,23,31,35,3602.5569,9945.3691,21.44,100.00,93128.69],
[914.6,23,31,37,3602.5569,9945.3691,21.42,100.00,93126.65],
[914.6,23,31,39,3602.5569,9945.3691,21.40,100.00,93123.25],
[914.6,23,31,41,3602.5569,9945.3691,21.40,100.00,93125.62],
[914.6,23,31,43,3602.5569,9945.3691,21.39,100.00,93122.23],
[914.6,23,31,45,3602.5569,9945.3691,21.36,100.00,93126.97],
[914.6,23,31,47,3602.5569,9945.3691,21.36,100.00,93122.23],
[914.6,23,31,49,3602.5569,9945.3691,21.36,100.00,93117.82],
[914.6,23,31,51,3602.5569,9945.3691,21.31,100.00,93119.86],
[914.6,23,31,53,3602.5569,9945.3691,21.28,100.00,93130.68],
[914.6,23,31,55,3602.5569,9945.3691,21.28,100.00,93118.84],
[914.6,23,31,57,3602.5569,9945.3691,21.27,100.00,93123.58],
[914.6,23,31,59,3602.5569,9945.3691,21.27,100.00,93121.85],
[914.6,23,32,1,3602.5569,9945.3691,21.27,100.00,93125.25],
[914.6,23,32,3,3602.5569,9945.3691,21.28,100.00,93120.51],
[914.6,23,32,5,3602.5569,9945.3691,21.29,100.00,93121.53],
[914.6,23,32,7,3602.5569,9945.3691,21.30,100.00,93115.77],
[914.6,23,db,9,3602.5569,9945.3691,21.30,100.00,93115.77],
[914.6,23,32,11,3602.5569,9945.3691,21.33,100.00,93115.77],
[914.6,23,32,13,3602.5569,9945.3691,21.32,100.00,93106.62],
[914.6,23,32,15,3602.5569,9945.3691,21.31,100.00,93113.40],
[914.6,23,32,17,3602.5569,9945.3691,21.32,100.00,93119.48],
[914.6,23,32,19,3602.5569,9945.3691,21.34,100.00,93105.27],
[914.6,23,32,21,3602.5569,9945.3691,21.35,100.00,93108.99],
[914.6,23,32,23,3602.5569,9945.3691,21.38,100.00,93107.64],
[914.6,23,32,25,3602.5569,9945.3691,21.38,100.00,93113.40],
[914.6,23,32,27,3602.5569,9945.3691,21.40,100.00,93100.53],
[914.6,23,32,29,3602.5569,9945.3691,21.42,100.00,93104.95],
[914.6,23,32,31,3602.5569,9945.3691,21.43,100.00,93106.30],
[914.6,23,32,33,3602.5569,9945.3691,21.44,100.00,93104.25],
[914.6,23,32,35,3602.5571,9945.3691,21.45,100.00,93100.86],
[914.6,23,32,37,3602.5571,9945.3691,21.44,100.00,93107.32],
[914.6,23,32,39,3602.5571,9945.3691,21.45,100.00,93100.53],
[914.6,23,32,41,3602.5571,9945.3691,21.46,100.00,93103.93],
[914.6,23,32,43,3602.5571,9945.3691,21.47,100.00,93105.27],
[914.6,23,32,45,3602.5571,9945.3691,21.48,100.00,93105.27],
[914.6,23,32,47,3602.5571,9945.3691,21.49,100.00,93096.82],
[914.6,23,32,49,3602.5571,9945.3691,21.49,100.00,93093.11],
[914.6,23,32,51,3602.5571,9945.3691,21.50,100.00,93099.19],
[914.6,23,32,53,3602.5571,9945.3691,21.51,100.00,93099.19],
[914.6,23,32,55,3602.5571,9945.3691,21.50,100.00,93087.35],
[914.6,23,32,57,3602.5571,9945.3691,21.50,100.00,93096.82],
[914.6,23,32,59,3602.5571,9945.3691,21.50,100.00,93090.74],
[914.6,23,33,1,3602.5571,9945.3691,21.50,100.00,93094.45],
[914.6,23,33,3,3602.5571,9945.3691,21.52,100.00,93094.13],
[914.6,23,33,5,3602.5571,9945.3691,21.51,100.00,93084.98],
[914.6,23,33,7,3602.5571,9945.3691,21.52,100.00,93091.76],
[914.6,23,33,9,3602.5571,9945.3691,21.51,100.00,93094.13],
[914.6,23,33,11,3602.5571,9945.3691,21.50,100.00,93087.02]